<?xml version="1.0" encoding="UTF-8"?>
<!-- Generated by org.testng.reporters.JUnitReportReporter -->
<testsuite hostname="Princes-MacBook-Pro.local" failures="0" tests="1" name="com.flipkart.test.TC_01_Test" time="8.353" errors="0" timestamp="2023-12-24T16:17:11 IST" skipped="0">
  <testcase classname="com.flipkart.test.TC_01_Test" name="fetchPriceOfMensKurta" time="8.353"/>
  <system-out/>
</testsuite> <!-- com.flipkart.test.TC_01_Test -->
